[2016-04-25 12:58:06,683] INFO  com.example.JewelryApiApplication- Starting JewelryApiApplication on pkreku with PID 1064 (F:\DivineSoft\JewelryApi\target\classes started by paras in F:\DivineSoft\JewelryApi)
[2016-04-25 12:58:06,691] INFO  com.example.JewelryApiApplication- No active profile set, falling back to default profiles: default
[2016-04-25 12:58:06,948] INFO  org.springframework.boot.context.embedded.AnnotationConfigEmbeddedWebApplicationContext- Refreshing org.springframework.boot.context.embedded.AnnotationConfigEmbeddedWebApplicationContext@52aa2946: startup date [Mon Apr 25 12:58:06 NPT 2016]; root of context hierarchy
[2016-04-25 12:58:06,967] INFO  org.hibernate.validator.internal.util.Version- HV000001: Hibernate Validator 5.2.4.Final
[2016-04-25 12:58:10,599] INFO  org.springframework.beans.factory.support.DefaultListableBeanFactory- Overriding bean definition for bean 'beanNameViewResolver' with a different definition: replacing [Root bean: class [null]; scope=; abstract=false; lazyInit=false; autowireMode=3; dependencyCheck=0; autowireCandidate=true; primary=false; factoryBeanName=org.springframework.boot.autoconfigure.web.ErrorMvcAutoConfiguration$WhitelabelErrorViewConfiguration; factoryMethodName=beanNameViewResolver; initMethodName=null; destroyMethodName=(inferred); defined in class path resource [org/springframework/boot/autoconfigure/web/ErrorMvcAutoConfiguration$WhitelabelErrorViewConfiguration.class]] with [Root bean: class [null]; scope=; abstract=false; lazyInit=false; autowireMode=3; dependencyCheck=0; autowireCandidate=true; primary=false; factoryBeanName=org.springframework.boot.autoconfigure.web.WebMvcAutoConfiguration$WebMvcAutoConfigurationAdapter; factoryMethodName=beanNameViewResolver; initMethodName=null; destroyMethodName=(inferred); defined in class path resource [org/springframework/boot/autoconfigure/web/WebMvcAutoConfiguration$WebMvcAutoConfigurationAdapter.class]]
[2016-04-25 12:58:12,268] INFO  org.springframework.context.support.PostProcessorRegistrationDelegate$BeanPostProcessorChecker- Bean 'org.springframework.transaction.annotation.ProxyTransactionManagementConfiguration' of type [class org.springframework.transaction.annotation.ProxyTransactionManagementConfiguration$$EnhancerBySpringCGLIB$$cb3174d8] is not eligible for getting processed by all BeanPostProcessors (for example: not eligible for auto-proxying)
[2016-04-25 12:58:14,527] INFO  org.springframework.boot.context.embedded.tomcat.TomcatEmbeddedServletContainer- Tomcat initialized with port(s): 8080 (http)
[2016-04-25 12:58:14,669] INFO  org.apache.catalina.core.StandardService- Starting service Tomcat
[2016-04-25 12:58:14,687] INFO  org.apache.catalina.core.StandardEngine- Starting Servlet Engine: Apache Tomcat/8.0.32
[2016-04-25 12:58:16,293] INFO  org.apache.jasper.servlet.TldScanner- At least one JAR was scanned for TLDs yet contained no TLDs. Enable debug logging for this logger for a complete list of JARs that were scanned but no TLDs were found in them. Skipping unneeded JARs during scanning can improve startup time and JSP compilation time.
[2016-04-25 12:58:16,322] INFO  org.apache.catalina.core.ContainerBase.[Tomcat].[localhost].[/]- Initializing Spring embedded WebApplicationContext
[2016-04-25 12:58:16,323] INFO  org.springframework.web.context.ContextLoader- Root WebApplicationContext: initialization completed in 9399 ms
[2016-04-25 12:58:17,472] INFO  org.springframework.boot.context.embedded.ServletRegistrationBean- Mapping servlet: 'dispatcherServlet' to [/]
[2016-04-25 12:58:17,479] INFO  org.springframework.boot.context.embedded.FilterRegistrationBean- Mapping filter: 'characterEncodingFilter' to: [/*]
[2016-04-25 12:58:17,480] INFO  org.springframework.boot.context.embedded.FilterRegistrationBean- Mapping filter: 'hiddenHttpMethodFilter' to: [/*]
[2016-04-25 12:58:17,481] INFO  org.springframework.boot.context.embedded.FilterRegistrationBean- Mapping filter: 'httpPutFormContentFilter' to: [/*]
[2016-04-25 12:58:17,481] INFO  org.springframework.boot.context.embedded.FilterRegistrationBean- Mapping filter: 'requestContextFilter' to: [/*]
[2016-04-25 12:58:18,274] INFO  org.springframework.orm.jpa.LocalContainerEntityManagerFactoryBean- Building JPA container EntityManagerFactory for persistence unit 'default'
[2016-04-25 12:58:18,389] INFO  org.hibernate.jpa.internal.util.LogHelper- HHH000204: Processing PersistenceUnitInfo [
	name: default
	...]
[2016-04-25 12:58:18,604] INFO  org.hibernate.Version- HHH000412: Hibernate Core {4.3.11.Final}
[2016-04-25 12:58:18,620] INFO  org.hibernate.cfg.Environment- HHH000206: hibernate.properties not found
[2016-04-25 12:58:18,620] INFO  org.hibernate.cfg.Environment- HHH000021: Bytecode provider name : javassist
[2016-04-25 12:58:19,569] INFO  org.hibernate.annotations.common.Version- HCANN000001: Hibernate Commons Annotations {4.0.5.Final}
[2016-04-25 12:58:21,095] INFO  org.hibernate.dialect.Dialect- HHH000400: Using dialect: org.hibernate.dialect.MySQL5Dialect
[2016-04-25 12:58:21,311] INFO  org.hibernate.hql.internal.ast.ASTQueryTranslatorFactory- HHH000397: Using ASTQueryTranslatorFactory
[2016-04-25 12:58:22,147] INFO  org.hibernate.tool.hbm2ddl.SchemaUpdate- HHH000228: Running hbm2ddl schema update
[2016-04-25 12:58:22,147] INFO  org.hibernate.tool.hbm2ddl.SchemaUpdate- HHH000102: Fetching database metadata
[2016-04-25 12:58:22,152] INFO  org.hibernate.tool.hbm2ddl.SchemaUpdate- HHH000396: Updating schema
[2016-04-25 12:58:22,152] INFO  org.hibernate.tool.hbm2ddl.SchemaUpdate- HHH000232: Schema update complete
[2016-04-25 12:58:23,658] INFO  org.springframework.web.servlet.mvc.method.annotation.RequestMappingHandlerAdapter- Looking for @ControllerAdvice: org.springframework.boot.context.embedded.AnnotationConfigEmbeddedWebApplicationContext@52aa2946: startup date [Mon Apr 25 12:58:06 NPT 2016]; root of context hierarchy
[2016-04-25 12:58:23,989] INFO  org.springframework.web.servlet.mvc.method.annotation.RequestMappingHandlerMapping- Mapped "{[/]}" onto public java.lang.String com.example.controller.WelcomeController.loadSinginForm(java.util.Map<java.lang.String, java.lang.Object>)
[2016-04-25 12:58:24,008] INFO  org.springframework.web.servlet.mvc.method.annotation.RequestMappingHandlerMapping- Mapped "{[/error]}" onto public org.springframework.http.ResponseEntity<java.util.Map<java.lang.String, java.lang.Object>> org.springframework.boot.autoconfigure.web.BasicErrorController.error(javax.servlet.http.HttpServletRequest)
[2016-04-25 12:58:24,012] INFO  org.springframework.web.servlet.mvc.method.annotation.RequestMappingHandlerMapping- Mapped "{[/error],produces=[text/html]}" onto public org.springframework.web.servlet.ModelAndView org.springframework.boot.autoconfigure.web.BasicErrorController.errorHtml(javax.servlet.http.HttpServletRequest,javax.servlet.http.HttpServletResponse)
[2016-04-25 12:58:24,134] INFO  org.springframework.web.servlet.handler.SimpleUrlHandlerMapping- Mapped URL path [/webjars/**] onto handler of type [class org.springframework.web.servlet.resource.ResourceHttpRequestHandler]
[2016-04-25 12:58:24,134] INFO  org.springframework.web.servlet.handler.SimpleUrlHandlerMapping- Mapped URL path [/**] onto handler of type [class org.springframework.web.servlet.resource.ResourceHttpRequestHandler]
[2016-04-25 12:58:24,274] INFO  org.springframework.web.servlet.handler.SimpleUrlHandlerMapping- Mapped URL path [/**/favicon.ico] onto handler of type [class org.springframework.web.servlet.resource.ResourceHttpRequestHandler]
[2016-04-25 12:58:25,027] INFO  org.springframework.jmx.export.annotation.AnnotationMBeanExporter- Registering beans for JMX exposure on startup
[2016-04-25 12:58:25,170] INFO  org.apache.coyote.http11.Http11NioProtocol- Initializing ProtocolHandler ["http-nio-8080"]
[2016-04-25 12:58:25,217] INFO  org.apache.coyote.http11.Http11NioProtocol- Starting ProtocolHandler ["http-nio-8080"]
[2016-04-25 12:58:25,474] INFO  org.apache.tomcat.util.net.NioSelectorPool- Using a shared selector for servlet write/read
[2016-04-25 12:58:25,662] INFO  org.springframework.boot.context.embedded.tomcat.TomcatEmbeddedServletContainer- Tomcat started on port(s): 8080 (http)
[2016-04-25 12:58:25,690] INFO  com.example.JewelryApiApplication- Started JewelryApiApplication in 20.602 seconds (JVM running for 22.0)
[2016-04-25 12:58:43,675] INFO  org.apache.catalina.core.ContainerBase.[Tomcat].[localhost].[/]- Initializing Spring FrameworkServlet 'dispatcherServlet'
[2016-04-25 12:58:43,676] INFO  org.springframework.web.servlet.DispatcherServlet- FrameworkServlet 'dispatcherServlet': initialization started
[2016-04-25 12:58:43,828] INFO  org.springframework.web.servlet.DispatcherServlet- FrameworkServlet 'dispatcherServlet': initialization completed in 152 ms
[2016-04-25 13:29:03,453] INFO  com.example.JewelryApiApplication- Starting JewelryApiApplication on pkreku with PID 1224 (F:\DivineSoft\JewelryApi\target\classes started by paras in F:\DivineSoft\JewelryApi)
[2016-04-25 13:29:03,479] INFO  com.example.JewelryApiApplication- No active profile set, falling back to default profiles: default
[2016-04-25 13:29:03,807] INFO  org.springframework.boot.context.embedded.AnnotationConfigEmbeddedWebApplicationContext- Refreshing org.springframework.boot.context.embedded.AnnotationConfigEmbeddedWebApplicationContext@5ea434c8: startup date [Mon Apr 25 13:29:03 NPT 2016]; root of context hierarchy
[2016-04-25 13:29:04,092] INFO  org.hibernate.validator.internal.util.Version- HV000001: Hibernate Validator 5.2.4.Final
[2016-04-25 13:29:06,703] INFO  org.springframework.beans.factory.support.DefaultListableBeanFactory- Overriding bean definition for bean 'beanNameViewResolver' with a different definition: replacing [Root bean: class [null]; scope=; abstract=false; lazyInit=false; autowireMode=3; dependencyCheck=0; autowireCandidate=true; primary=false; factoryBeanName=org.springframework.boot.autoconfigure.web.ErrorMvcAutoConfiguration$WhitelabelErrorViewConfiguration; factoryMethodName=beanNameViewResolver; initMethodName=null; destroyMethodName=(inferred); defined in class path resource [org/springframework/boot/autoconfigure/web/ErrorMvcAutoConfiguration$WhitelabelErrorViewConfiguration.class]] with [Root bean: class [null]; scope=; abstract=false; lazyInit=false; autowireMode=3; dependencyCheck=0; autowireCandidate=true; primary=false; factoryBeanName=org.springframework.boot.autoconfigure.web.WebMvcAutoConfiguration$WebMvcAutoConfigurationAdapter; factoryMethodName=beanNameViewResolver; initMethodName=null; destroyMethodName=(inferred); defined in class path resource [org/springframework/boot/autoconfigure/web/WebMvcAutoConfiguration$WebMvcAutoConfigurationAdapter.class]]
[2016-04-25 13:29:08,024] INFO  org.springframework.context.support.PostProcessorRegistrationDelegate$BeanPostProcessorChecker- Bean 'org.springframework.transaction.annotation.ProxyTransactionManagementConfiguration' of type [class org.springframework.transaction.annotation.ProxyTransactionManagementConfiguration$$EnhancerBySpringCGLIB$$3a0c8c4c] is not eligible for getting processed by all BeanPostProcessors (for example: not eligible for auto-proxying)
[2016-04-25 13:29:10,957] INFO  org.springframework.boot.context.embedded.tomcat.TomcatEmbeddedServletContainer- Tomcat initialized with port(s): 8080 (http)
[2016-04-25 13:29:11,063] INFO  org.apache.catalina.core.StandardService- Starting service Tomcat
[2016-04-25 13:29:11,092] INFO  org.apache.catalina.core.StandardEngine- Starting Servlet Engine: Apache Tomcat/8.0.32
[2016-04-25 13:29:12,744] INFO  org.apache.jasper.servlet.TldScanner- At least one JAR was scanned for TLDs yet contained no TLDs. Enable debug logging for this logger for a complete list of JARs that were scanned but no TLDs were found in them. Skipping unneeded JARs during scanning can improve startup time and JSP compilation time.
[2016-04-25 13:29:12,803] INFO  org.apache.catalina.core.ContainerBase.[Tomcat].[localhost].[/]- Initializing Spring embedded WebApplicationContext
[2016-04-25 13:29:12,803] INFO  org.springframework.web.context.ContextLoader- Root WebApplicationContext: initialization completed in 9050 ms
[2016-04-25 13:29:13,872] INFO  org.springframework.boot.context.embedded.ServletRegistrationBean- Mapping servlet: 'dispatcherServlet' to [/]
[2016-04-25 13:29:13,882] INFO  org.springframework.boot.context.embedded.FilterRegistrationBean- Mapping filter: 'characterEncodingFilter' to: [/*]
[2016-04-25 13:29:13,884] INFO  org.springframework.boot.context.embedded.FilterRegistrationBean- Mapping filter: 'hiddenHttpMethodFilter' to: [/*]
[2016-04-25 13:29:13,885] INFO  org.springframework.boot.context.embedded.FilterRegistrationBean- Mapping filter: 'httpPutFormContentFilter' to: [/*]
[2016-04-25 13:29:13,886] INFO  org.springframework.boot.context.embedded.FilterRegistrationBean- Mapping filter: 'requestContextFilter' to: [/*]
[2016-04-25 13:29:14,706] INFO  org.springframework.orm.jpa.LocalContainerEntityManagerFactoryBean- Building JPA container EntityManagerFactory for persistence unit 'default'
[2016-04-25 13:29:14,750] INFO  org.hibernate.jpa.internal.util.LogHelper- HHH000204: Processing PersistenceUnitInfo [
	name: default
	...]
[2016-04-25 13:29:14,963] INFO  org.hibernate.Version- HHH000412: Hibernate Core {4.3.11.Final}
[2016-04-25 13:29:14,965] INFO  org.hibernate.cfg.Environment- HHH000206: hibernate.properties not found
[2016-04-25 13:29:14,966] INFO  org.hibernate.cfg.Environment- HHH000021: Bytecode provider name : javassist
[2016-04-25 13:29:15,812] INFO  org.hibernate.annotations.common.Version- HCANN000001: Hibernate Commons Annotations {4.0.5.Final}
[2016-04-25 13:29:17,836] INFO  org.hibernate.dialect.Dialect- HHH000400: Using dialect: org.hibernate.dialect.MySQL5Dialect
[2016-04-25 13:29:18,052] INFO  org.hibernate.hql.internal.ast.ASTQueryTranslatorFactory- HHH000397: Using ASTQueryTranslatorFactory
[2016-04-25 13:29:18,906] INFO  org.hibernate.tool.hbm2ddl.SchemaUpdate- HHH000228: Running hbm2ddl schema update
[2016-04-25 13:29:18,906] INFO  org.hibernate.tool.hbm2ddl.SchemaUpdate- HHH000102: Fetching database metadata
[2016-04-25 13:29:18,919] INFO  org.hibernate.tool.hbm2ddl.SchemaUpdate- HHH000396: Updating schema
[2016-04-25 13:29:18,921] INFO  org.hibernate.tool.hbm2ddl.SchemaUpdate- HHH000232: Schema update complete
[2016-04-25 13:29:20,056] INFO  org.springframework.web.servlet.mvc.method.annotation.RequestMappingHandlerAdapter- Looking for @ControllerAdvice: org.springframework.boot.context.embedded.AnnotationConfigEmbeddedWebApplicationContext@5ea434c8: startup date [Mon Apr 25 13:29:03 NPT 2016]; root of context hierarchy
[2016-04-25 13:29:20,289] INFO  org.springframework.web.servlet.mvc.method.annotation.RequestMappingHandlerMapping- Mapped "{[/]}" onto public java.lang.String com.example.controller.WelcomeController.loadSinginForm(java.util.Map<java.lang.String, java.lang.Object>)
[2016-04-25 13:29:20,294] INFO  org.springframework.web.servlet.mvc.method.annotation.RequestMappingHandlerMapping- Mapped "{[/error]}" onto public org.springframework.http.ResponseEntity<java.util.Map<java.lang.String, java.lang.Object>> org.springframework.boot.autoconfigure.web.BasicErrorController.error(javax.servlet.http.HttpServletRequest)
[2016-04-25 13:29:20,295] INFO  org.springframework.web.servlet.mvc.method.annotation.RequestMappingHandlerMapping- Mapped "{[/error],produces=[text/html]}" onto public org.springframework.web.servlet.ModelAndView org.springframework.boot.autoconfigure.web.BasicErrorController.errorHtml(javax.servlet.http.HttpServletRequest,javax.servlet.http.HttpServletResponse)
[2016-04-25 13:29:20,372] INFO  org.springframework.web.servlet.handler.SimpleUrlHandlerMapping- Mapped URL path [/webjars/**] onto handler of type [class org.springframework.web.servlet.resource.ResourceHttpRequestHandler]
[2016-04-25 13:29:20,372] INFO  org.springframework.web.servlet.handler.SimpleUrlHandlerMapping- Mapped URL path [/**] onto handler of type [class org.springframework.web.servlet.resource.ResourceHttpRequestHandler]
[2016-04-25 13:29:20,591] INFO  org.springframework.web.servlet.handler.SimpleUrlHandlerMapping- Mapped URL path [/**/favicon.ico] onto handler of type [class org.springframework.web.servlet.resource.ResourceHttpRequestHandler]
[2016-04-25 13:29:21,253] INFO  org.springframework.jmx.export.annotation.AnnotationMBeanExporter- Registering beans for JMX exposure on startup
[2016-04-25 13:29:21,359] INFO  org.apache.coyote.http11.Http11NioProtocol- Initializing ProtocolHandler ["http-nio-8080"]
[2016-04-25 13:29:21,391] INFO  org.apache.coyote.http11.Http11NioProtocol- Starting ProtocolHandler ["http-nio-8080"]
[2016-04-25 13:29:21,544] INFO  org.apache.tomcat.util.net.NioSelectorPool- Using a shared selector for servlet write/read
[2016-04-25 13:29:21,618] INFO  org.springframework.boot.context.embedded.tomcat.TomcatEmbeddedServletContainer- Tomcat started on port(s): 8080 (http)
[2016-04-25 13:29:21,631] INFO  com.example.JewelryApiApplication- Started JewelryApiApplication in 21.099 seconds (JVM running for 23.89)
[2016-04-25 13:55:52,298] INFO  com.example.JewelryApiApplication- Starting JewelryApiApplication on pkreku with PID 8312 (F:\DivineSoft\JewelryApi\target\classes started by paras in F:\DivineSoft\JewelryApi)
[2016-04-25 13:55:52,353] INFO  com.example.JewelryApiApplication- No active profile set, falling back to default profiles: default
[2016-04-25 13:55:52,556] INFO  org.springframework.boot.context.embedded.AnnotationConfigEmbeddedWebApplicationContext- Refreshing org.springframework.boot.context.embedded.AnnotationConfigEmbeddedWebApplicationContext@5ea434c8: startup date [Mon Apr 25 13:55:52 NPT 2016]; root of context hierarchy
[2016-04-25 13:55:52,652] INFO  org.hibernate.validator.internal.util.Version- HV000001: Hibernate Validator 5.2.4.Final
[2016-04-25 13:55:54,238] INFO  org.springframework.beans.factory.support.DefaultListableBeanFactory- Overriding bean definition for bean 'beanNameViewResolver' with a different definition: replacing [Root bean: class [null]; scope=; abstract=false; lazyInit=false; autowireMode=3; dependencyCheck=0; autowireCandidate=true; primary=false; factoryBeanName=org.springframework.boot.autoconfigure.web.ErrorMvcAutoConfiguration$WhitelabelErrorViewConfiguration; factoryMethodName=beanNameViewResolver; initMethodName=null; destroyMethodName=(inferred); defined in class path resource [org/springframework/boot/autoconfigure/web/ErrorMvcAutoConfiguration$WhitelabelErrorViewConfiguration.class]] with [Root bean: class [null]; scope=; abstract=false; lazyInit=false; autowireMode=3; dependencyCheck=0; autowireCandidate=true; primary=false; factoryBeanName=org.springframework.boot.autoconfigure.web.WebMvcAutoConfiguration$WebMvcAutoConfigurationAdapter; factoryMethodName=beanNameViewResolver; initMethodName=null; destroyMethodName=(inferred); defined in class path resource [org/springframework/boot/autoconfigure/web/WebMvcAutoConfiguration$WebMvcAutoConfigurationAdapter.class]]
[2016-04-25 13:55:55,155] INFO  org.springframework.context.support.PostProcessorRegistrationDelegate$BeanPostProcessorChecker- Bean 'org.springframework.transaction.annotation.ProxyTransactionManagementConfiguration' of type [class org.springframework.transaction.annotation.ProxyTransactionManagementConfiguration$$EnhancerBySpringCGLIB$$7b868d9] is not eligible for getting processed by all BeanPostProcessors (for example: not eligible for auto-proxying)
[2016-04-25 13:55:55,938] INFO  org.springframework.boot.context.embedded.tomcat.TomcatEmbeddedServletContainer- Tomcat initialized with port(s): 8080 (http)
[2016-04-25 13:55:55,961] INFO  org.apache.catalina.core.StandardService- Starting service Tomcat
[2016-04-25 13:55:55,961] INFO  org.apache.catalina.core.StandardEngine- Starting Servlet Engine: Apache Tomcat/8.0.32
[2016-04-25 13:55:56,573] INFO  org.apache.jasper.servlet.TldScanner- At least one JAR was scanned for TLDs yet contained no TLDs. Enable debug logging for this logger for a complete list of JARs that were scanned but no TLDs were found in them. Skipping unneeded JARs during scanning can improve startup time and JSP compilation time.
[2016-04-25 13:55:56,581] INFO  org.apache.catalina.core.ContainerBase.[Tomcat].[localhost].[/]- Initializing Spring embedded WebApplicationContext
[2016-04-25 13:55:56,582] INFO  org.springframework.web.context.ContextLoader- Root WebApplicationContext: initialization completed in 4031 ms
[2016-04-25 13:55:57,121] INFO  org.springframework.boot.context.embedded.ServletRegistrationBean- Mapping servlet: 'dispatcherServlet' to [/]
[2016-04-25 13:55:57,128] INFO  org.springframework.boot.context.embedded.FilterRegistrationBean- Mapping filter: 'characterEncodingFilter' to: [/*]
[2016-04-25 13:55:57,129] INFO  org.springframework.boot.context.embedded.FilterRegistrationBean- Mapping filter: 'hiddenHttpMethodFilter' to: [/*]
[2016-04-25 13:55:57,130] INFO  org.springframework.boot.context.embedded.FilterRegistrationBean- Mapping filter: 'httpPutFormContentFilter' to: [/*]
[2016-04-25 13:55:57,132] INFO  org.springframework.boot.context.embedded.FilterRegistrationBean- Mapping filter: 'requestContextFilter' to: [/*]
[2016-04-25 13:55:57,524] INFO  org.springframework.orm.jpa.LocalContainerEntityManagerFactoryBean- Building JPA container EntityManagerFactory for persistence unit 'default'
[2016-04-25 13:55:57,536] INFO  org.hibernate.jpa.internal.util.LogHelper- HHH000204: Processing PersistenceUnitInfo [
	name: default
	...]
[2016-04-25 13:55:57,679] INFO  org.hibernate.Version- HHH000412: Hibernate Core {4.3.11.Final}
[2016-04-25 13:55:57,682] INFO  org.hibernate.cfg.Environment- HHH000206: hibernate.properties not found
[2016-04-25 13:55:57,685] INFO  org.hibernate.cfg.Environment- HHH000021: Bytecode provider name : javassist
[2016-04-25 13:55:58,115] INFO  org.hibernate.annotations.common.Version- HCANN000001: Hibernate Commons Annotations {4.0.5.Final}
[2016-04-25 13:55:58,585] INFO  org.hibernate.dialect.Dialect- HHH000400: Using dialect: org.hibernate.dialect.MySQL5Dialect
[2016-04-25 13:55:59,002] INFO  org.hibernate.hql.internal.ast.ASTQueryTranslatorFactory- HHH000397: Using ASTQueryTranslatorFactory
[2016-04-25 13:55:59,511] INFO  org.hibernate.tool.hbm2ddl.SchemaUpdate- HHH000228: Running hbm2ddl schema update
[2016-04-25 13:55:59,511] INFO  org.hibernate.tool.hbm2ddl.SchemaUpdate- HHH000102: Fetching database metadata
[2016-04-25 13:55:59,511] INFO  org.hibernate.tool.hbm2ddl.SchemaUpdate- HHH000396: Updating schema
[2016-04-25 13:55:59,527] INFO  java.sql.DatabaseMetaData- HHH000262: Table not found: User
[2016-04-25 13:55:59,527] INFO  java.sql.DatabaseMetaData- HHH000262: Table not found: User
[2016-04-25 13:55:59,527] INFO  java.sql.DatabaseMetaData- HHH000262: Table not found: User
[2016-04-25 13:55:59,728] INFO  org.hibernate.tool.hbm2ddl.SchemaUpdate- HHH000232: Schema update complete
[2016-04-25 13:56:02,278] INFO  org.springframework.web.servlet.mvc.method.annotation.RequestMappingHandlerAdapter- Looking for @ControllerAdvice: org.springframework.boot.context.embedded.AnnotationConfigEmbeddedWebApplicationContext@5ea434c8: startup date [Mon Apr 25 13:55:52 NPT 2016]; root of context hierarchy
[2016-04-25 13:56:02,557] INFO  org.springframework.web.servlet.mvc.method.annotation.RequestMappingHandlerMapping- Mapped "{[/]}" onto public java.lang.String com.example.controller.WelcomeController.loadSinginForm(java.util.Map<java.lang.String, java.lang.Object>)
[2016-04-25 13:56:02,566] INFO  org.springframework.web.servlet.mvc.method.annotation.RequestMappingHandlerMapping- Mapped "{[/error]}" onto public org.springframework.http.ResponseEntity<java.util.Map<java.lang.String, java.lang.Object>> org.springframework.boot.autoconfigure.web.BasicErrorController.error(javax.servlet.http.HttpServletRequest)
[2016-04-25 13:56:02,572] INFO  org.springframework.web.servlet.mvc.method.annotation.RequestMappingHandlerMapping- Mapped "{[/error],produces=[text/html]}" onto public org.springframework.web.servlet.ModelAndView org.springframework.boot.autoconfigure.web.BasicErrorController.errorHtml(javax.servlet.http.HttpServletRequest,javax.servlet.http.HttpServletResponse)
[2016-04-25 13:56:02,701] INFO  org.springframework.web.servlet.handler.SimpleUrlHandlerMapping- Mapped URL path [/webjars/**] onto handler of type [class org.springframework.web.servlet.resource.ResourceHttpRequestHandler]
[2016-04-25 13:56:02,702] INFO  org.springframework.web.servlet.handler.SimpleUrlHandlerMapping- Mapped URL path [/**] onto handler of type [class org.springframework.web.servlet.resource.ResourceHttpRequestHandler]
[2016-04-25 13:56:02,843] INFO  org.springframework.web.servlet.handler.SimpleUrlHandlerMapping- Mapped URL path [/**/favicon.ico] onto handler of type [class org.springframework.web.servlet.resource.ResourceHttpRequestHandler]
[2016-04-25 13:56:03,403] INFO  org.springframework.jmx.export.annotation.AnnotationMBeanExporter- Registering beans for JMX exposure on startup
[2016-04-25 13:56:03,498] INFO  org.apache.coyote.http11.Http11NioProtocol- Initializing ProtocolHandler ["http-nio-8080"]
[2016-04-25 13:56:03,529] INFO  org.apache.coyote.http11.Http11NioProtocol- Starting ProtocolHandler ["http-nio-8080"]
[2016-04-25 13:56:03,560] INFO  org.apache.tomcat.util.net.NioSelectorPool- Using a shared selector for servlet write/read
[2016-04-25 13:56:03,641] INFO  org.springframework.boot.context.embedded.tomcat.TomcatEmbeddedServletContainer- Tomcat started on port(s): 8080 (http)
[2016-04-25 13:56:03,655] INFO  com.example.JewelryApiApplication- Started JewelryApiApplication in 12.929 seconds (JVM running for 14.321)
[2016-04-25 14:07:52,322] INFO  org.apache.catalina.core.ContainerBase.[Tomcat].[localhost].[/]- Initializing Spring FrameworkServlet 'dispatcherServlet'
[2016-04-25 14:07:52,323] INFO  org.springframework.web.servlet.DispatcherServlet- FrameworkServlet 'dispatcherServlet': initialization started
[2016-04-25 14:07:52,495] INFO  org.springframework.web.servlet.DispatcherServlet- FrameworkServlet 'dispatcherServlet': initialization completed in 171 ms
[2016-04-25 14:08:57,459] INFO  com.example.JewelryApiApplication- Starting JewelryApiApplication on pkreku with PID 7584 (F:\DivineSoft\JewelryApi\target\classes started by paras in F:\DivineSoft\JewelryApi)
[2016-04-25 14:08:57,563] INFO  com.example.JewelryApiApplication- No active profile set, falling back to default profiles: default
[2016-04-25 14:08:57,761] INFO  org.springframework.boot.context.embedded.AnnotationConfigEmbeddedWebApplicationContext- Refreshing org.springframework.boot.context.embedded.AnnotationConfigEmbeddedWebApplicationContext@5ea434c8: startup date [Mon Apr 25 14:08:57 NPT 2016]; root of context hierarchy
[2016-04-25 14:08:57,854] INFO  org.hibernate.validator.internal.util.Version- HV000001: Hibernate Validator 5.2.4.Final
[2016-04-25 14:09:01,209] INFO  org.springframework.beans.factory.support.DefaultListableBeanFactory- Overriding bean definition for bean 'beanNameViewResolver' with a different definition: replacing [Root bean: class [null]; scope=; abstract=false; lazyInit=false; autowireMode=3; dependencyCheck=0; autowireCandidate=true; primary=false; factoryBeanName=org.springframework.boot.autoconfigure.web.ErrorMvcAutoConfiguration$WhitelabelErrorViewConfiguration; factoryMethodName=beanNameViewResolver; initMethodName=null; destroyMethodName=(inferred); defined in class path resource [org/springframework/boot/autoconfigure/web/ErrorMvcAutoConfiguration$WhitelabelErrorViewConfiguration.class]] with [Root bean: class [null]; scope=; abstract=false; lazyInit=false; autowireMode=3; dependencyCheck=0; autowireCandidate=true; primary=false; factoryBeanName=org.springframework.boot.autoconfigure.web.WebMvcAutoConfiguration$WebMvcAutoConfigurationAdapter; factoryMethodName=beanNameViewResolver; initMethodName=null; destroyMethodName=(inferred); defined in class path resource [org/springframework/boot/autoconfigure/web/WebMvcAutoConfiguration$WebMvcAutoConfigurationAdapter.class]]
[2016-04-25 14:09:02,558] INFO  org.springframework.context.support.PostProcessorRegistrationDelegate$BeanPostProcessorChecker- Bean 'org.springframework.transaction.annotation.ProxyTransactionManagementConfiguration' of type [class org.springframework.transaction.annotation.ProxyTransactionManagementConfiguration$$EnhancerBySpringCGLIB$$c4b4212] is not eligible for getting processed by all BeanPostProcessors (for example: not eligible for auto-proxying)
[2016-04-25 14:09:03,481] INFO  org.springframework.boot.context.embedded.tomcat.TomcatEmbeddedServletContainer- Tomcat initialized with port(s): 8080 (http)
[2016-04-25 14:09:03,506] INFO  org.apache.catalina.core.StandardService- Starting service Tomcat
[2016-04-25 14:09:03,508] INFO  org.apache.catalina.core.StandardEngine- Starting Servlet Engine: Apache Tomcat/8.0.32
[2016-04-25 14:09:04,128] INFO  org.apache.jasper.servlet.TldScanner- At least one JAR was scanned for TLDs yet contained no TLDs. Enable debug logging for this logger for a complete list of JARs that were scanned but no TLDs were found in them. Skipping unneeded JARs during scanning can improve startup time and JSP compilation time.
[2016-04-25 14:09:04,156] INFO  org.apache.catalina.core.ContainerBase.[Tomcat].[localhost].[/]- Initializing Spring embedded WebApplicationContext
[2016-04-25 14:09:04,157] INFO  org.springframework.web.context.ContextLoader- Root WebApplicationContext: initialization completed in 6411 ms
[2016-04-25 14:09:04,710] INFO  org.springframework.boot.context.embedded.ServletRegistrationBean- Mapping servlet: 'dispatcherServlet' to [/]
[2016-04-25 14:09:04,718] INFO  org.springframework.boot.context.embedded.FilterRegistrationBean- Mapping filter: 'characterEncodingFilter' to: [/*]
[2016-04-25 14:09:04,719] INFO  org.springframework.boot.context.embedded.FilterRegistrationBean- Mapping filter: 'hiddenHttpMethodFilter' to: [/*]
[2016-04-25 14:09:04,719] INFO  org.springframework.boot.context.embedded.FilterRegistrationBean- Mapping filter: 'httpPutFormContentFilter' to: [/*]
[2016-04-25 14:09:04,720] INFO  org.springframework.boot.context.embedded.FilterRegistrationBean- Mapping filter: 'requestContextFilter' to: [/*]
[2016-04-25 14:09:05,149] INFO  org.springframework.orm.jpa.LocalContainerEntityManagerFactoryBean- Building JPA container EntityManagerFactory for persistence unit 'default'
[2016-04-25 14:09:05,173] INFO  org.hibernate.jpa.internal.util.LogHelper- HHH000204: Processing PersistenceUnitInfo [
	name: default
	...]
[2016-04-25 14:09:05,304] INFO  org.hibernate.Version- HHH000412: Hibernate Core {4.3.11.Final}
[2016-04-25 14:09:05,305] INFO  org.hibernate.cfg.Environment- HHH000206: hibernate.properties not found
[2016-04-25 14:09:05,308] INFO  org.hibernate.cfg.Environment- HHH000021: Bytecode provider name : javassist
[2016-04-25 14:09:05,595] INFO  org.hibernate.annotations.common.Version- HCANN000001: Hibernate Commons Annotations {4.0.5.Final}
[2016-04-25 14:09:06,018] INFO  org.hibernate.dialect.Dialect- HHH000400: Using dialect: org.hibernate.dialect.MySQL5Dialect
[2016-04-25 14:09:06,297] INFO  org.hibernate.hql.internal.ast.ASTQueryTranslatorFactory- HHH000397: Using ASTQueryTranslatorFactory
[2016-04-25 14:09:06,836] INFO  org.hibernate.tool.hbm2ddl.SchemaUpdate- HHH000228: Running hbm2ddl schema update
[2016-04-25 14:09:06,836] INFO  org.hibernate.tool.hbm2ddl.SchemaUpdate- HHH000102: Fetching database metadata
[2016-04-25 14:09:06,852] INFO  org.hibernate.tool.hbm2ddl.SchemaUpdate- HHH000396: Updating schema
[2016-04-25 14:09:07,021] INFO  org.hibernate.tool.hbm2ddl.TableMetadata- HHH000261: Table found: jewelryapi.user
[2016-04-25 14:09:07,021] INFO  org.hibernate.tool.hbm2ddl.TableMetadata- HHH000037: Columns: [password, role, added_date, phone, user_name, modification_date, last_name, id, first_name, email]
[2016-04-25 14:09:07,021] INFO  org.hibernate.tool.hbm2ddl.TableMetadata- HHH000108: Foreign keys: []
[2016-04-25 14:09:07,021] INFO  org.hibernate.tool.hbm2ddl.TableMetadata- HHH000126: Indexes: [primary]
[2016-04-25 14:09:07,021] INFO  org.hibernate.tool.hbm2ddl.SchemaUpdate- HHH000232: Schema update complete
[2016-04-25 14:09:09,037] INFO  org.springframework.web.servlet.mvc.method.annotation.RequestMappingHandlerAdapter- Looking for @ControllerAdvice: org.springframework.boot.context.embedded.AnnotationConfigEmbeddedWebApplicationContext@5ea434c8: startup date [Mon Apr 25 14:08:57 NPT 2016]; root of context hierarchy
[2016-04-25 14:09:09,331] INFO  org.springframework.web.servlet.mvc.method.annotation.RequestMappingHandlerMapping- Mapped "{[/]}" onto public java.lang.String com.example.controller.WelcomeController.loadSinginForm(java.util.Map<java.lang.String, java.lang.Object>)
[2016-04-25 14:09:09,338] INFO  org.springframework.web.servlet.mvc.method.annotation.RequestMappingHandlerMapping- Mapped "{[/error]}" onto public org.springframework.http.ResponseEntity<java.util.Map<java.lang.String, java.lang.Object>> org.springframework.boot.autoconfigure.web.BasicErrorController.error(javax.servlet.http.HttpServletRequest)
[2016-04-25 14:09:09,339] INFO  org.springframework.web.servlet.mvc.method.annotation.RequestMappingHandlerMapping- Mapped "{[/error],produces=[text/html]}" onto public org.springframework.web.servlet.ModelAndView org.springframework.boot.autoconfigure.web.BasicErrorController.errorHtml(javax.servlet.http.HttpServletRequest,javax.servlet.http.HttpServletResponse)
[2016-04-25 14:09:09,441] INFO  org.springframework.web.servlet.handler.SimpleUrlHandlerMapping- Mapped URL path [/webjars/**] onto handler of type [class org.springframework.web.servlet.resource.ResourceHttpRequestHandler]
[2016-04-25 14:09:09,446] INFO  org.springframework.web.servlet.handler.SimpleUrlHandlerMapping- Mapped URL path [/**] onto handler of type [class org.springframework.web.servlet.resource.ResourceHttpRequestHandler]
[2016-04-25 14:09:09,575] INFO  org.springframework.web.servlet.handler.SimpleUrlHandlerMapping- Mapped URL path [/**/favicon.ico] onto handler of type [class org.springframework.web.servlet.resource.ResourceHttpRequestHandler]
[2016-04-25 14:09:10,108] INFO  org.springframework.jmx.export.annotation.AnnotationMBeanExporter- Registering beans for JMX exposure on startup
[2016-04-25 14:09:10,211] INFO  org.apache.coyote.http11.Http11NioProtocol- Initializing ProtocolHandler ["http-nio-8080"]
[2016-04-25 14:09:10,234] INFO  org.apache.coyote.http11.Http11NioProtocol- Starting ProtocolHandler ["http-nio-8080"]
[2016-04-25 14:09:10,261] INFO  org.apache.tomcat.util.net.NioSelectorPool- Using a shared selector for servlet write/read
[2016-04-25 14:09:10,338] INFO  org.springframework.boot.context.embedded.tomcat.TomcatEmbeddedServletContainer- Tomcat started on port(s): 8080 (http)
[2016-04-25 14:09:10,355] INFO  com.example.JewelryApiApplication- Started JewelryApiApplication in 14.307 seconds (JVM running for 16.067)
[2016-04-25 14:10:21,420] INFO  org.apache.catalina.core.ContainerBase.[Tomcat].[localhost].[/]- Initializing Spring FrameworkServlet 'dispatcherServlet'
[2016-04-25 14:10:21,421] INFO  org.springframework.web.servlet.DispatcherServlet- FrameworkServlet 'dispatcherServlet': initialization started
[2016-04-25 14:10:21,578] INFO  org.springframework.web.servlet.DispatcherServlet- FrameworkServlet 'dispatcherServlet': initialization completed in 156 ms
[2016-04-25 18:08:29,257] INFO  com.example.JewelryApiApplication- Starting JewelryApiApplication on pkreku with PID 8568 (F:\DivineSoft\JewelryApi\target\classes started by paras in F:\DivineSoft\JewelryApi)
[2016-04-25 18:08:29,334] INFO  com.example.JewelryApiApplication- No active profile set, falling back to default profiles: default
[2016-04-25 18:08:29,534] INFO  org.springframework.boot.context.embedded.AnnotationConfigEmbeddedWebApplicationContext- Refreshing org.springframework.boot.context.embedded.AnnotationConfigEmbeddedWebApplicationContext@5ea434c8: startup date [Mon Apr 25 18:08:29 NPT 2016]; root of context hierarchy
[2016-04-25 18:08:29,692] INFO  org.hibernate.validator.internal.util.Version- HV000001: Hibernate Validator 5.2.4.Final
[2016-04-25 18:08:34,179] INFO  org.springframework.beans.factory.support.DefaultListableBeanFactory- Overriding bean definition for bean 'beanNameViewResolver' with a different definition: replacing [Root bean: class [null]; scope=; abstract=false; lazyInit=false; autowireMode=3; dependencyCheck=0; autowireCandidate=true; primary=false; factoryBeanName=org.springframework.boot.autoconfigure.web.ErrorMvcAutoConfiguration$WhitelabelErrorViewConfiguration; factoryMethodName=beanNameViewResolver; initMethodName=null; destroyMethodName=(inferred); defined in class path resource [org/springframework/boot/autoconfigure/web/ErrorMvcAutoConfiguration$WhitelabelErrorViewConfiguration.class]] with [Root bean: class [null]; scope=; abstract=false; lazyInit=false; autowireMode=3; dependencyCheck=0; autowireCandidate=true; primary=false; factoryBeanName=org.springframework.boot.autoconfigure.web.WebMvcAutoConfiguration$WebMvcAutoConfigurationAdapter; factoryMethodName=beanNameViewResolver; initMethodName=null; destroyMethodName=(inferred); defined in class path resource [org/springframework/boot/autoconfigure/web/WebMvcAutoConfiguration$WebMvcAutoConfigurationAdapter.class]]
[2016-04-25 18:08:35,580] INFO  org.springframework.context.support.PostProcessorRegistrationDelegate$BeanPostProcessorChecker- Bean 'org.springframework.transaction.annotation.ProxyTransactionManagementConfiguration' of type [class org.springframework.transaction.annotation.ProxyTransactionManagementConfiguration$$EnhancerBySpringCGLIB$$8af76e0a] is not eligible for getting processed by all BeanPostProcessors (for example: not eligible for auto-proxying)
[2016-04-25 18:08:39,495] INFO  org.springframework.boot.context.embedded.tomcat.TomcatEmbeddedServletContainer- Tomcat initialized with port(s): 8080 (http)
[2016-04-25 18:08:39,635] INFO  org.apache.catalina.core.StandardService- Starting service Tomcat
[2016-04-25 18:08:39,656] INFO  org.apache.catalina.core.StandardEngine- Starting Servlet Engine: Apache Tomcat/8.0.32
[2016-04-25 18:08:41,943] INFO  org.apache.jasper.servlet.TldScanner- At least one JAR was scanned for TLDs yet contained no TLDs. Enable debug logging for this logger for a complete list of JARs that were scanned but no TLDs were found in them. Skipping unneeded JARs during scanning can improve startup time and JSP compilation time.
[2016-04-25 18:08:41,969] INFO  org.apache.catalina.core.ContainerBase.[Tomcat].[localhost].[/]- Initializing Spring embedded WebApplicationContext
[2016-04-25 18:08:41,970] INFO  org.springframework.web.context.ContextLoader- Root WebApplicationContext: initialization completed in 12443 ms
[2016-04-25 18:08:43,209] INFO  org.springframework.boot.context.embedded.ServletRegistrationBean- Mapping servlet: 'dispatcherServlet' to [/]
[2016-04-25 18:08:43,216] INFO  org.springframework.boot.context.embedded.FilterRegistrationBean- Mapping filter: 'characterEncodingFilter' to: [/*]
[2016-04-25 18:08:43,217] INFO  org.springframework.boot.context.embedded.FilterRegistrationBean- Mapping filter: 'hiddenHttpMethodFilter' to: [/*]
[2016-04-25 18:08:43,218] INFO  org.springframework.boot.context.embedded.FilterRegistrationBean- Mapping filter: 'httpPutFormContentFilter' to: [/*]
[2016-04-25 18:08:43,218] INFO  org.springframework.boot.context.embedded.FilterRegistrationBean- Mapping filter: 'requestContextFilter' to: [/*]
[2016-04-25 18:08:44,324] INFO  org.springframework.orm.jpa.LocalContainerEntityManagerFactoryBean- Building JPA container EntityManagerFactory for persistence unit 'default'
[2016-04-25 18:08:44,399] INFO  org.hibernate.jpa.internal.util.LogHelper- HHH000204: Processing PersistenceUnitInfo [
	name: default
	...]
[2016-04-25 18:08:44,925] INFO  org.hibernate.Version- HHH000412: Hibernate Core {4.3.11.Final}
[2016-04-25 18:08:44,939] INFO  org.hibernate.cfg.Environment- HHH000206: hibernate.properties not found
[2016-04-25 18:08:44,947] INFO  org.hibernate.cfg.Environment- HHH000021: Bytecode provider name : javassist
[2016-04-25 18:08:45,895] INFO  org.hibernate.annotations.common.Version- HCANN000001: Hibernate Commons Annotations {4.0.5.Final}
[2016-04-25 18:08:47,792] INFO  org.hibernate.dialect.Dialect- HHH000400: Using dialect: org.hibernate.dialect.MySQL5Dialect
[2016-04-25 18:08:48,902] INFO  org.hibernate.hql.internal.ast.ASTQueryTranslatorFactory- HHH000397: Using ASTQueryTranslatorFactory
[2016-04-25 18:08:50,104] INFO  org.hibernate.tool.hbm2ddl.SchemaUpdate- HHH000228: Running hbm2ddl schema update
[2016-04-25 18:08:50,105] INFO  org.hibernate.tool.hbm2ddl.SchemaUpdate- HHH000102: Fetching database metadata
[2016-04-25 18:08:50,109] INFO  org.hibernate.tool.hbm2ddl.SchemaUpdate- HHH000396: Updating schema
[2016-04-25 18:08:50,216] INFO  org.hibernate.tool.hbm2ddl.TableMetadata- HHH000261: Table found: jewelryapi.user
[2016-04-25 18:08:50,217] INFO  org.hibernate.tool.hbm2ddl.TableMetadata- HHH000037: Columns: [password, role, added_date, phone, user_name, modification_date, last_name, id, first_name, email]
[2016-04-25 18:08:50,217] INFO  org.hibernate.tool.hbm2ddl.TableMetadata- HHH000108: Foreign keys: []
[2016-04-25 18:08:50,217] INFO  org.hibernate.tool.hbm2ddl.TableMetadata- HHH000126: Indexes: [primary]
[2016-04-25 18:08:50,229] INFO  org.hibernate.tool.hbm2ddl.SchemaUpdate- HHH000232: Schema update complete
[2016-04-25 18:08:51,830] INFO  org.springframework.web.servlet.mvc.method.annotation.RequestMappingHandlerAdapter- Looking for @ControllerAdvice: org.springframework.boot.context.embedded.AnnotationConfigEmbeddedWebApplicationContext@5ea434c8: startup date [Mon Apr 25 18:08:29 NPT 2016]; root of context hierarchy
[2016-04-25 18:08:51,997] INFO  org.springframework.web.servlet.mvc.method.annotation.RequestMappingHandlerMapping- Mapped "{[/signIn],methods=[POST]}" onto public org.springframework.http.ResponseEntity<com.example.entity.User> com.example.controller.WelcomeController.userSignIn(com.example.entity.User)
[2016-04-25 18:08:52,000] INFO  org.springframework.web.servlet.mvc.method.annotation.RequestMappingHandlerMapping- Mapped "{[/]}" onto public java.lang.String com.example.controller.WelcomeController.loadSinginForm(java.util.Map<java.lang.String, java.lang.Object>)
[2016-04-25 18:08:52,004] INFO  org.springframework.web.servlet.mvc.method.annotation.RequestMappingHandlerMapping- Mapped "{[/error]}" onto public org.springframework.http.ResponseEntity<java.util.Map<java.lang.String, java.lang.Object>> org.springframework.boot.autoconfigure.web.BasicErrorController.error(javax.servlet.http.HttpServletRequest)
[2016-04-25 18:08:52,005] INFO  org.springframework.web.servlet.mvc.method.annotation.RequestMappingHandlerMapping- Mapped "{[/error],produces=[text/html]}" onto public org.springframework.web.servlet.ModelAndView org.springframework.boot.autoconfigure.web.BasicErrorController.errorHtml(javax.servlet.http.HttpServletRequest,javax.servlet.http.HttpServletResponse)
[2016-04-25 18:08:52,069] INFO  org.springframework.web.servlet.handler.SimpleUrlHandlerMapping- Mapped URL path [/webjars/**] onto handler of type [class org.springframework.web.servlet.resource.ResourceHttpRequestHandler]
[2016-04-25 18:08:52,070] INFO  org.springframework.web.servlet.handler.SimpleUrlHandlerMapping- Mapped URL path [/**] onto handler of type [class org.springframework.web.servlet.resource.ResourceHttpRequestHandler]
[2016-04-25 18:08:52,168] INFO  org.springframework.web.servlet.handler.SimpleUrlHandlerMapping- Mapped URL path [/**/favicon.ico] onto handler of type [class org.springframework.web.servlet.resource.ResourceHttpRequestHandler]
[2016-04-25 18:08:52,610] INFO  org.springframework.jmx.export.annotation.AnnotationMBeanExporter- Registering beans for JMX exposure on startup
[2016-04-25 18:08:52,699] INFO  org.apache.coyote.http11.Http11NioProtocol- Initializing ProtocolHandler ["http-nio-8080"]
[2016-04-25 18:08:52,726] INFO  org.apache.coyote.http11.Http11NioProtocol- Starting ProtocolHandler ["http-nio-8080"]
[2016-04-25 18:08:52,809] INFO  org.apache.tomcat.util.net.NioSelectorPool- Using a shared selector for servlet write/read
[2016-04-25 18:08:52,898] INFO  org.springframework.boot.context.embedded.tomcat.TomcatEmbeddedServletContainer- Tomcat started on port(s): 8080 (http)
[2016-04-25 18:08:52,928] INFO  com.example.JewelryApiApplication- Started JewelryApiApplication in 25.298 seconds (JVM running for 27.411)
[2016-04-25 18:10:54,112] INFO  com.example.JewelryApiApplication- Starting JewelryApiApplication on pkreku with PID 8356 (F:\DivineSoft\JewelryApi\target\classes started by paras in F:\DivineSoft\JewelryApi)
[2016-04-25 18:10:54,133] INFO  com.example.JewelryApiApplication- No active profile set, falling back to default profiles: default
[2016-04-25 18:10:54,306] INFO  org.springframework.boot.context.embedded.AnnotationConfigEmbeddedWebApplicationContext- Refreshing org.springframework.boot.context.embedded.AnnotationConfigEmbeddedWebApplicationContext@5ea434c8: startup date [Mon Apr 25 18:10:54 NPT 2016]; root of context hierarchy
[2016-04-25 18:10:54,407] INFO  org.hibernate.validator.internal.util.Version- HV000001: Hibernate Validator 5.2.4.Final
[2016-04-25 18:10:56,201] INFO  org.springframework.beans.factory.support.DefaultListableBeanFactory- Overriding bean definition for bean 'beanNameViewResolver' with a different definition: replacing [Root bean: class [null]; scope=; abstract=false; lazyInit=false; autowireMode=3; dependencyCheck=0; autowireCandidate=true; primary=false; factoryBeanName=org.springframework.boot.autoconfigure.web.ErrorMvcAutoConfiguration$WhitelabelErrorViewConfiguration; factoryMethodName=beanNameViewResolver; initMethodName=null; destroyMethodName=(inferred); defined in class path resource [org/springframework/boot/autoconfigure/web/ErrorMvcAutoConfiguration$WhitelabelErrorViewConfiguration.class]] with [Root bean: class [null]; scope=; abstract=false; lazyInit=false; autowireMode=3; dependencyCheck=0; autowireCandidate=true; primary=false; factoryBeanName=org.springframework.boot.autoconfigure.web.WebMvcAutoConfiguration$WebMvcAutoConfigurationAdapter; factoryMethodName=beanNameViewResolver; initMethodName=null; destroyMethodName=(inferred); defined in class path resource [org/springframework/boot/autoconfigure/web/WebMvcAutoConfiguration$WebMvcAutoConfigurationAdapter.class]]
[2016-04-25 18:10:57,127] INFO  org.springframework.context.support.PostProcessorRegistrationDelegate$BeanPostProcessorChecker- Bean 'org.springframework.transaction.annotation.ProxyTransactionManagementConfiguration' of type [class org.springframework.transaction.annotation.ProxyTransactionManagementConfiguration$$EnhancerBySpringCGLIB$$1e2e723b] is not eligible for getting processed by all BeanPostProcessors (for example: not eligible for auto-proxying)
[2016-04-25 18:10:58,004] INFO  org.springframework.boot.context.embedded.tomcat.TomcatEmbeddedServletContainer- Tomcat initialized with port(s): 8080 (http)
[2016-04-25 18:10:58,023] INFO  org.apache.catalina.core.StandardService- Starting service Tomcat
[2016-04-25 18:10:58,023] INFO  org.apache.catalina.core.StandardEngine- Starting Servlet Engine: Apache Tomcat/8.0.32
[2016-04-25 18:10:58,638] INFO  org.apache.jasper.servlet.TldScanner- At least one JAR was scanned for TLDs yet contained no TLDs. Enable debug logging for this logger for a complete list of JARs that were scanned but no TLDs were found in them. Skipping unneeded JARs during scanning can improve startup time and JSP compilation time.
[2016-04-25 18:10:58,649] INFO  org.apache.catalina.core.ContainerBase.[Tomcat].[localhost].[/]- Initializing Spring embedded WebApplicationContext
[2016-04-25 18:10:58,650] INFO  org.springframework.web.context.ContextLoader- Root WebApplicationContext: initialization completed in 4350 ms
[2016-04-25 18:10:59,233] INFO  org.springframework.boot.context.embedded.ServletRegistrationBean- Mapping servlet: 'dispatcherServlet' to [/]
[2016-04-25 18:10:59,239] INFO  org.springframework.boot.context.embedded.FilterRegistrationBean- Mapping filter: 'characterEncodingFilter' to: [/*]
[2016-04-25 18:10:59,241] INFO  org.springframework.boot.context.embedded.FilterRegistrationBean- Mapping filter: 'hiddenHttpMethodFilter' to: [/*]
[2016-04-25 18:10:59,242] INFO  org.springframework.boot.context.embedded.FilterRegistrationBean- Mapping filter: 'httpPutFormContentFilter' to: [/*]
[2016-04-25 18:10:59,243] INFO  org.springframework.boot.context.embedded.FilterRegistrationBean- Mapping filter: 'requestContextFilter' to: [/*]
[2016-04-25 18:10:59,649] INFO  org.springframework.orm.jpa.LocalContainerEntityManagerFactoryBean- Building JPA container EntityManagerFactory for persistence unit 'default'
[2016-04-25 18:10:59,674] INFO  org.hibernate.jpa.internal.util.LogHelper- HHH000204: Processing PersistenceUnitInfo [
	name: default
	...]
[2016-04-25 18:10:59,792] INFO  org.hibernate.Version- HHH000412: Hibernate Core {4.3.11.Final}
[2016-04-25 18:10:59,793] INFO  org.hibernate.cfg.Environment- HHH000206: hibernate.properties not found
[2016-04-25 18:10:59,795] INFO  org.hibernate.cfg.Environment- HHH000021: Bytecode provider name : javassist
[2016-04-25 18:11:00,168] INFO  org.hibernate.annotations.common.Version- HCANN000001: Hibernate Commons Annotations {4.0.5.Final}
[2016-04-25 18:11:00,791] INFO  org.hibernate.dialect.Dialect- HHH000400: Using dialect: org.hibernate.dialect.MySQL5Dialect
[2016-04-25 18:11:01,111] INFO  org.hibernate.hql.internal.ast.ASTQueryTranslatorFactory- HHH000397: Using ASTQueryTranslatorFactory
[2016-04-25 18:11:01,461] INFO  org.hibernate.tool.hbm2ddl.SchemaUpdate- HHH000228: Running hbm2ddl schema update
[2016-04-25 18:11:01,461] INFO  org.hibernate.tool.hbm2ddl.SchemaUpdate- HHH000102: Fetching database metadata
[2016-04-25 18:11:01,461] INFO  org.hibernate.tool.hbm2ddl.SchemaUpdate- HHH000396: Updating schema
[2016-04-25 18:11:01,476] INFO  java.sql.DatabaseMetaData- HHH000262: Table not found: User
[2016-04-25 18:11:01,476] INFO  java.sql.DatabaseMetaData- HHH000262: Table not found: User
[2016-04-25 18:11:01,481] INFO  java.sql.DatabaseMetaData- HHH000262: Table not found: User
[2016-04-25 18:11:01,561] INFO  org.hibernate.tool.hbm2ddl.SchemaUpdate- HHH000232: Schema update complete
[2016-04-25 18:11:02,246] INFO  org.springframework.web.servlet.mvc.method.annotation.RequestMappingHandlerAdapter- Looking for @ControllerAdvice: org.springframework.boot.context.embedded.AnnotationConfigEmbeddedWebApplicationContext@5ea434c8: startup date [Mon Apr 25 18:10:54 NPT 2016]; root of context hierarchy
[2016-04-25 18:11:02,346] INFO  org.springframework.web.servlet.mvc.method.annotation.RequestMappingHandlerMapping- Mapped "{[/]}" onto public java.lang.String com.example.controller.WelcomeController.loadSinginForm(java.util.Map<java.lang.String, java.lang.Object>)
[2016-04-25 18:11:02,354] INFO  org.springframework.web.servlet.mvc.method.annotation.RequestMappingHandlerMapping- Mapped "{[/error]}" onto public org.springframework.http.ResponseEntity<java.util.Map<java.lang.String, java.lang.Object>> org.springframework.boot.autoconfigure.web.BasicErrorController.error(javax.servlet.http.HttpServletRequest)
[2016-04-25 18:11:02,355] INFO  org.springframework.web.servlet.mvc.method.annotation.RequestMappingHandlerMapping- Mapped "{[/error],produces=[text/html]}" onto public org.springframework.web.servlet.ModelAndView org.springframework.boot.autoconfigure.web.BasicErrorController.errorHtml(javax.servlet.http.HttpServletRequest,javax.servlet.http.HttpServletResponse)
[2016-04-25 18:11:02,403] INFO  org.springframework.web.servlet.handler.SimpleUrlHandlerMapping- Mapped URL path [/webjars/**] onto handler of type [class org.springframework.web.servlet.resource.ResourceHttpRequestHandler]
[2016-04-25 18:11:02,404] INFO  org.springframework.web.servlet.handler.SimpleUrlHandlerMapping- Mapped URL path [/**] onto handler of type [class org.springframework.web.servlet.resource.ResourceHttpRequestHandler]
[2016-04-25 18:11:02,500] INFO  org.springframework.web.servlet.handler.SimpleUrlHandlerMapping- Mapped URL path [/**/favicon.ico] onto handler of type [class org.springframework.web.servlet.resource.ResourceHttpRequestHandler]
[2016-04-25 18:11:02,788] INFO  org.springframework.jmx.export.annotation.AnnotationMBeanExporter- Registering beans for JMX exposure on startup
[2016-04-25 18:11:02,832] INFO  org.apache.coyote.http11.Http11NioProtocol- Initializing ProtocolHandler ["http-nio-8080"]
[2016-04-25 18:11:02,844] INFO  org.apache.coyote.http11.Http11NioProtocol- Starting ProtocolHandler ["http-nio-8080"]
[2016-04-25 18:11:02,864] INFO  org.apache.tomcat.util.net.NioSelectorPool- Using a shared selector for servlet write/read
[2016-04-25 18:11:02,910] INFO  org.springframework.boot.context.embedded.tomcat.TomcatEmbeddedServletContainer- Tomcat started on port(s): 8080 (http)
[2016-04-25 18:11:02,920] INFO  com.example.JewelryApiApplication- Started JewelryApiApplication in 10.212 seconds (JVM running for 11.706)
[2016-04-25 18:15:23,687] INFO  com.example.JewelryApiApplication- Starting JewelryApiApplication on pkreku with PID 4980 (F:\DivineSoft\JewelryApi\target\classes started by paras in F:\DivineSoft\JewelryApi)
[2016-04-25 18:15:23,701] INFO  com.example.JewelryApiApplication- No active profile set, falling back to default profiles: default
[2016-04-25 18:15:23,866] INFO  org.springframework.boot.context.embedded.AnnotationConfigEmbeddedWebApplicationContext- Refreshing org.springframework.boot.context.embedded.AnnotationConfigEmbeddedWebApplicationContext@5ea434c8: startup date [Mon Apr 25 18:15:23 NPT 2016]; root of context hierarchy
[2016-04-25 18:15:23,922] INFO  org.hibernate.validator.internal.util.Version- HV000001: Hibernate Validator 5.2.4.Final
[2016-04-25 18:15:25,684] INFO  org.springframework.beans.factory.support.DefaultListableBeanFactory- Overriding bean definition for bean 'beanNameViewResolver' with a different definition: replacing [Root bean: class [null]; scope=; abstract=false; lazyInit=false; autowireMode=3; dependencyCheck=0; autowireCandidate=true; primary=false; factoryBeanName=org.springframework.boot.autoconfigure.web.ErrorMvcAutoConfiguration$WhitelabelErrorViewConfiguration; factoryMethodName=beanNameViewResolver; initMethodName=null; destroyMethodName=(inferred); defined in class path resource [org/springframework/boot/autoconfigure/web/ErrorMvcAutoConfiguration$WhitelabelErrorViewConfiguration.class]] with [Root bean: class [null]; scope=; abstract=false; lazyInit=false; autowireMode=3; dependencyCheck=0; autowireCandidate=true; primary=false; factoryBeanName=org.springframework.boot.autoconfigure.web.WebMvcAutoConfiguration$WebMvcAutoConfigurationAdapter; factoryMethodName=beanNameViewResolver; initMethodName=null; destroyMethodName=(inferred); defined in class path resource [org/springframework/boot/autoconfigure/web/WebMvcAutoConfiguration$WebMvcAutoConfigurationAdapter.class]]
[2016-04-25 18:15:26,643] INFO  org.springframework.context.support.PostProcessorRegistrationDelegate$BeanPostProcessorChecker- Bean 'org.springframework.transaction.annotation.ProxyTransactionManagementConfiguration' of type [class org.springframework.transaction.annotation.ProxyTransactionManagementConfiguration$$EnhancerBySpringCGLIB$$8af76e0a] is not eligible for getting processed by all BeanPostProcessors (for example: not eligible for auto-proxying)
[2016-04-25 18:15:27,464] INFO  org.springframework.boot.context.embedded.tomcat.TomcatEmbeddedServletContainer- Tomcat initialized with port(s): 8080 (http)
[2016-04-25 18:15:27,486] INFO  org.apache.catalina.core.StandardService- Starting service Tomcat
[2016-04-25 18:15:27,491] INFO  org.apache.catalina.core.StandardEngine- Starting Servlet Engine: Apache Tomcat/8.0.32
[2016-04-25 18:15:28,084] INFO  org.apache.jasper.servlet.TldScanner- At least one JAR was scanned for TLDs yet contained no TLDs. Enable debug logging for this logger for a complete list of JARs that were scanned but no TLDs were found in them. Skipping unneeded JARs during scanning can improve startup time and JSP compilation time.
[2016-04-25 18:15:28,092] INFO  org.apache.catalina.core.ContainerBase.[Tomcat].[localhost].[/]- Initializing Spring embedded WebApplicationContext
[2016-04-25 18:15:28,092] INFO  org.springframework.web.context.ContextLoader- Root WebApplicationContext: initialization completed in 4234 ms
[2016-04-25 18:15:28,670] INFO  org.springframework.boot.context.embedded.ServletRegistrationBean- Mapping servlet: 'dispatcherServlet' to [/]
[2016-04-25 18:15:28,677] INFO  org.springframework.boot.context.embedded.FilterRegistrationBean- Mapping filter: 'characterEncodingFilter' to: [/*]
[2016-04-25 18:15:28,678] INFO  org.springframework.boot.context.embedded.FilterRegistrationBean- Mapping filter: 'hiddenHttpMethodFilter' to: [/*]
[2016-04-25 18:15:28,678] INFO  org.springframework.boot.context.embedded.FilterRegistrationBean- Mapping filter: 'httpPutFormContentFilter' to: [/*]
[2016-04-25 18:15:28,679] INFO  org.springframework.boot.context.embedded.FilterRegistrationBean- Mapping filter: 'requestContextFilter' to: [/*]
[2016-04-25 18:15:29,087] INFO  org.springframework.orm.jpa.LocalContainerEntityManagerFactoryBean- Building JPA container EntityManagerFactory for persistence unit 'default'
[2016-04-25 18:15:29,110] INFO  org.hibernate.jpa.internal.util.LogHelper- HHH000204: Processing PersistenceUnitInfo [
	name: default
	...]
[2016-04-25 18:15:29,238] INFO  org.hibernate.Version- HHH000412: Hibernate Core {4.3.11.Final}
[2016-04-25 18:15:29,241] INFO  org.hibernate.cfg.Environment- HHH000206: hibernate.properties not found
[2016-04-25 18:15:29,244] INFO  org.hibernate.cfg.Environment- HHH000021: Bytecode provider name : javassist
[2016-04-25 18:15:29,498] INFO  org.hibernate.annotations.common.Version- HCANN000001: Hibernate Commons Annotations {4.0.5.Final}
[2016-04-25 18:15:29,961] INFO  org.hibernate.dialect.Dialect- HHH000400: Using dialect: org.hibernate.dialect.MySQL5Dialect
[2016-04-25 18:15:30,993] INFO  org.hibernate.hql.internal.ast.ASTQueryTranslatorFactory- HHH000397: Using ASTQueryTranslatorFactory
[2016-04-25 18:15:31,880] INFO  org.hibernate.tool.hbm2ddl.SchemaUpdate- HHH000228: Running hbm2ddl schema update
[2016-04-25 18:15:31,881] INFO  org.hibernate.tool.hbm2ddl.SchemaUpdate- HHH000102: Fetching database metadata
[2016-04-25 18:15:31,885] INFO  org.hibernate.tool.hbm2ddl.SchemaUpdate- HHH000396: Updating schema
[2016-04-25 18:15:31,895] INFO  java.sql.DatabaseMetaData- HHH000262: Table not found: Caret
[2016-04-25 18:15:31,898] INFO  java.sql.DatabaseMetaData- HHH000262: Table not found: Jewelry
[2016-04-25 18:15:31,902] INFO  java.sql.DatabaseMetaData- HHH000262: Table not found: JewelryCategory
[2016-04-25 18:15:31,904] INFO  java.sql.DatabaseMetaData- HHH000262: Table not found: Material
[2016-04-25 18:15:31,907] INFO  java.sql.DatabaseMetaData- HHH000262: Table not found: Stone
[2016-04-25 18:15:31,982] INFO  org.hibernate.tool.hbm2ddl.TableMetadata- HHH000261: Table found: jewelryapi.user
[2016-04-25 18:15:31,983] INFO  org.hibernate.tool.hbm2ddl.TableMetadata- HHH000037: Columns: [password, role, added_date, phone, user_name, modification_date, last_name, id, first_name, email]
[2016-04-25 18:15:31,984] INFO  org.hibernate.tool.hbm2ddl.TableMetadata- HHH000108: Foreign keys: []
[2016-04-25 18:15:31,984] INFO  org.hibernate.tool.hbm2ddl.TableMetadata- HHH000126: Indexes: [primary]
[2016-04-25 18:15:31,987] INFO  java.sql.DatabaseMetaData- HHH000262: Table not found: Caret
[2016-04-25 18:15:31,990] INFO  java.sql.DatabaseMetaData- HHH000262: Table not found: Jewelry
[2016-04-25 18:15:31,992] INFO  java.sql.DatabaseMetaData- HHH000262: Table not found: JewelryCategory
[2016-04-25 18:15:31,994] INFO  java.sql.DatabaseMetaData- HHH000262: Table not found: Material
[2016-04-25 18:15:31,996] INFO  java.sql.DatabaseMetaData- HHH000262: Table not found: Stone
[2016-04-25 18:15:31,998] INFO  java.sql.DatabaseMetaData- HHH000262: Table not found: Caret
[2016-04-25 18:15:32,000] INFO  java.sql.DatabaseMetaData- HHH000262: Table not found: Jewelry
[2016-04-25 18:15:32,001] INFO  java.sql.DatabaseMetaData- HHH000262: Table not found: JewelryCategory
[2016-04-25 18:15:32,003] INFO  java.sql.DatabaseMetaData- HHH000262: Table not found: Material
[2016-04-25 18:15:32,005] INFO  java.sql.DatabaseMetaData- HHH000262: Table not found: Stone
[2016-04-25 18:15:32,558] INFO  org.hibernate.tool.hbm2ddl.SchemaUpdate- HHH000232: Schema update complete
[2016-04-25 18:15:34,537] INFO  org.springframework.web.servlet.mvc.method.annotation.RequestMappingHandlerAdapter- Looking for @ControllerAdvice: org.springframework.boot.context.embedded.AnnotationConfigEmbeddedWebApplicationContext@5ea434c8: startup date [Mon Apr 25 18:15:23 NPT 2016]; root of context hierarchy
[2016-04-25 18:15:34,800] INFO  org.springframework.web.servlet.mvc.method.annotation.RequestMappingHandlerMapping- Mapped "{[/signIn],methods=[POST]}" onto public org.springframework.http.ResponseEntity<com.example.entity.User> com.example.controller.WelcomeController.userSignIn(com.example.entity.User)
[2016-04-25 18:15:34,803] INFO  org.springframework.web.servlet.mvc.method.annotation.RequestMappingHandlerMapping- Mapped "{[/]}" onto public java.lang.String com.example.controller.WelcomeController.loadSinginForm(java.util.Map<java.lang.String, java.lang.Object>)
[2016-04-25 18:15:34,808] INFO  org.springframework.web.servlet.mvc.method.annotation.RequestMappingHandlerMapping- Mapped "{[/error]}" onto public org.springframework.http.ResponseEntity<java.util.Map<java.lang.String, java.lang.Object>> org.springframework.boot.autoconfigure.web.BasicErrorController.error(javax.servlet.http.HttpServletRequest)
[2016-04-25 18:15:34,809] INFO  org.springframework.web.servlet.mvc.method.annotation.RequestMappingHandlerMapping- Mapped "{[/error],produces=[text/html]}" onto public org.springframework.web.servlet.ModelAndView org.springframework.boot.autoconfigure.web.BasicErrorController.errorHtml(javax.servlet.http.HttpServletRequest,javax.servlet.http.HttpServletResponse)
[2016-04-25 18:15:34,906] INFO  org.springframework.web.servlet.handler.SimpleUrlHandlerMapping- Mapped URL path [/webjars/**] onto handler of type [class org.springframework.web.servlet.resource.ResourceHttpRequestHandler]
[2016-04-25 18:15:34,906] INFO  org.springframework.web.servlet.handler.SimpleUrlHandlerMapping- Mapped URL path [/**] onto handler of type [class org.springframework.web.servlet.resource.ResourceHttpRequestHandler]
[2016-04-25 18:15:35,000] INFO  org.springframework.web.servlet.handler.SimpleUrlHandlerMapping- Mapped URL path [/**/favicon.ico] onto handler of type [class org.springframework.web.servlet.resource.ResourceHttpRequestHandler]
[2016-04-25 18:15:35,495] INFO  org.springframework.jmx.export.annotation.AnnotationMBeanExporter- Registering beans for JMX exposure on startup
[2016-04-25 18:15:35,571] INFO  org.apache.coyote.http11.Http11NioProtocol- Initializing ProtocolHandler ["http-nio-8080"]
[2016-04-25 18:15:35,626] INFO  org.apache.coyote.http11.Http11NioProtocol- Starting ProtocolHandler ["http-nio-8080"]
[2016-04-25 18:15:35,657] INFO  org.apache.tomcat.util.net.NioSelectorPool- Using a shared selector for servlet write/read
[2016-04-25 18:15:35,736] INFO  org.springframework.boot.context.embedded.tomcat.TomcatEmbeddedServletContainer- Tomcat started on port(s): 8080 (http)
[2016-04-25 18:15:35,756] INFO  com.example.JewelryApiApplication- Started JewelryApiApplication in 13.487 seconds (JVM running for 15.409)
